#
# A fatal error has been detected by the Java Runtime Environment:
#
#  EXCEPTION_ACCESS_VIOLATION (0xc0000005) at pc=0x0000025c9f0f11e9, pid=5312, tid=42192
#
# JRE version: Java(TM) SE Runtime Environment (11.0.1+13) (build 11.0.1+13-LTS)
# Java VM: Java HotSpot(TM) 64-Bit Server VM (11.0.1+13-LTS, mixed mode, tiered, compressed oops, g1 gc, windows-amd64)
# Problematic frame:
# J 3011 c1 java.util.concurrent.ConcurrentHashMap.transfer([Ljava/util/concurrent/ConcurrentHashMap$Node;[Ljava/util/concurrent/ConcurrentHashMap$Node;)V java.base@11.0.1 (828 bytes) @ 0x0000025c9f0f11e9 [0x0000025c9f0f0c20+0x00000000000005c9]
#
# No core dump will be written. Minidumps are not enabled by default on client versions of Windows
#
# If you would like to submit a bug report, please visit:
#   http://bugreport.java.com/bugreport/crash.jsp
#

---------------  S U M M A R Y ------------

Command Line: --add-modules=ALL-SYSTEM --add-opens=java.base/java.util=ALL-UNNAMED --add-opens=java.base/java.lang=ALL-UNNAMED -Declipse.application=org.eclipse.jdt.ls.core.id1 -Dosgi.bundles.defaultStartLevel=4 -Declipse.product=org.eclipse.jdt.ls.core.product -Dfile.encoding=utf8 -DwatchParentProcess=false -Xverify:none -Xmx1G -XX:+UseG1GC -XX:+UseStringDeduplication C:\Users\Anon\.vscode\extensions\redhat.java-0.42.0\server\plugins\org.eclipse.equinox.launcher_1.5.300.v20190213-1655.jar -configuration C:\Users\Anon\.vscode\extensions\redhat.java-0.42.0\server\config_win -data c:\Users\Anon\AppData\Roaming\Code\User\workspaceStorage\e02f715ae69bdcbf1503fc73a17d7197\redhat.java\jdt_ws

Host: AMD Ryzen 7 1700 Eight-Core Processor          , 16 cores, 15G,  Windows 10 , 64 bit Build 17134 (10.0.17134.648)
Time: Tue Apr  2 02:38:05 2019 Mountain Daylight Time elapsed time: 20 seconds (0d 0h 0m 20s)

---------------  T H R E A D  ---------------

Current thread (0x0000025cb44fd000):  JavaThread "Resolver thread - Equinox Container: 857f0e4a-41e5-4857-a1db-48bdc90f47cd" daemon [_thread_in_Java, id=42192, stack(0x000000e196000000,0x000000e196100000)]

Stack: [0x000000e196000000,0x000000e196100000],  sp=0x000000e1960fece0,  free space=1019k
Native frames: (J=compiled Java code, j=interpreted, Vv=VM code, C=native code)
C  0x0000025c9f0f11e9


siginfo: EXCEPTION_ACCESS_VIOLATION (0xc0000005), reading address 0xffffffffffffffff


Register to memory mapping:

RIP=0x0000025c9f0f11e9 is at entry_point+1481 in (nmethod*)0x0000025c9f0f0790
RAX=0x0000025cb34e17c8 is pointing into metadata
RBX=0x0000000000005643 is an unknown value
RCX=0x0 is NULL
RDX=0x0000000000000348 is an unknown value
RSP=0x000000e1960fece0 is pointing into the stack for thread: 0x0000025cb44fd000
RBP=0x000000e1960ff0f0 is pointing into the stack for thread: 0x0000025cb44fd000
RSI=0x0000000000000030 is an unknown value
RDI=0x0000000000000035 is an unknown value
R8 =0x0000025cb34e17c8 is pointing into metadata
R9 =0x00000000000001e0 is an unknown value
R10=0x0000025c93d51000 points into unknown readable memory
R11=0x0000000000000040 is an unknown value
R12=0x0 is NULL
R13=
[error occurred during error reporting (printing register info), id 0xc0000005, EXCEPTION_ACCESS_VIOLATION (0xc0000005) at pc=0x00007ffea0731d16]

Registers:
RAX=0x0000025cb34e17c8, RBX=0x0000000000005643, RCX=0x0000000000000000, RDX=0x0000000000000348
RSP=0x000000e1960fece0, RBP=0x000000e1960ff0f0, RSI=0x0000000000000030, RDI=0x0000000000000035
R8 =0x0000025cb34e17c8, R9 =0x00000000000001e0, R10=0x0000025c93d51000, R11=0x0000000000000040
R12=0x0000000000000000, R13=0x00000000ce9c43c0, R14=0x0000000000000010, R15=0x0000025cb44fd000
RIP=0x0000025c9f0f11e9, EFLAGS=0x0000000000010206

Top of Stack: (sp=0x000000e1960fece0)
0x000000e1960fece0:   00000000ce5008e8 00000000ce500930
0x000000e1960fecf0:   00000000ce500800 00000000c0205c58
0x000000e1960fed00:   0000000077149e77 00000000ce500910
0x000000e1960fed10:   00000000ce9b3118 77149e77ce703518
0x000000e1960fed20:   00000000c0205c58 00000000ce500930
0x000000e1960fed30:   000000e1960fedf0 0000025c9eab9b34
0x000000e1960fed40:   000000e1960fedf0 0000025c9ede18d4
0x000000e1960fed50:   0000025cb5f80950 0000000000000000
0x000000e1960fed60:   00000000c05f6e00 0000025cb5f805a8
0x000000e1960fed70:   000000e1960fedf0 0000025c9e329c56
0x000000e1960fed80:   000000e1960fedf0 00000000ce500800
0x000000e1960fed90:   00000000ce703b80 0000000000000080
0x000000e1960feda0:   00000000ce703d90 00000040960feda8
0x000000e1960fedb0:   00000000ce9c43c0 0000003000000010
0x000000e1960fedc0:   0000003700000076 00000000000000e8
0x000000e1960fedd0:   0000000000000000 00000000ce500930 

Instructions: (pc=0x0000025c9f0f11e9)
0x0000025c9f0f11c9:   00 00 00 00 0f 8c 0a 00 00 00 48 ba 48 03 00 00
0x0000025c9f0f11d9:   00 00 00 00 48 8b 1c 10 48 8d 5b 01 48 89 1c 10
0x0000025c9f0f11e9:   0f 8c 83 00 00 00 41 3b fb 48 b8 c8 17 4e b3 5c
0x0000025c9f0f11f9:   02 00 00 48 ba 58 03 00 00 00 00 00 00 0f 8d 0a 




---------------  P R O C E S S  ---------------

Threads class SMR info:
_java_thread_list=0x0000025cb30091c0, length=41, elements={
0x0000025c95ff3800, 0x0000025cb39ba800, 0x0000025cb3a07800, 0x0000025cb3a19000,
0x0000025cb3a1b000, 0x0000025cb3a1f800, 0x0000025cb3a22800, 0x0000025cb3a25800,
0x0000025cb3ba3800, 0x0000025cb3f21800, 0x0000025cb529f000, 0x0000025cb5156000,
0x0000025cb5582000, 0x0000025cb3cb6000, 0x0000025cb44fa000, 0x0000025cb44f6800,
0x0000025cb44f4000, 0x0000025cb4500800, 0x0000025cb44ff800, 0x0000025cb44fb800,
0x0000025cb4ebc000, 0x0000025cb4ec1800, 0x0000025cb4fb6000, 0x0000025cb44f3800,
0x0000025cb44f5000, 0x0000025cb6fa0800, 0x0000025cb44fa800, 0x0000025cb44f5800,
0x0000025cb44fc000, 0x0000025cb44fd000, 0x0000025cb44f7800, 0x0000025cb44fe000,
0x0000025cb44f8000, 0x0000025cb44fe800, 0x0000025cb44f9000, 0x0000025cb4501000,
0x0000025cb4502000, 0x0000025cb81a9800, 0x0000025cb81a7000, 0x0000025cb81a4800,
0x0000025cb81a3800
}

Java Threads: ( => current thread )
  0x0000025c95ff3800 JavaThread "main" [_thread_blocked, id=19772, stack(0x000000e193a00000,0x000000e193b00000)]
  0x0000025cb39ba800 JavaThread "Reference Handler" daemon [_thread_blocked, id=41120, stack(0x000000e194200000,0x000000e194300000)]
  0x0000025cb3a07800 JavaThread "Finalizer" daemon [_thread_blocked, id=18264, stack(0x000000e194300000,0x000000e194400000)]
  0x0000025cb3a19000 JavaThread "Signal Dispatcher" daemon [_thread_blocked, id=25452, stack(0x000000e194400000,0x000000e194500000)]
  0x0000025cb3a1b000 JavaThread "Attach Listener" daemon [_thread_blocked, id=19780, stack(0x000000e194500000,0x000000e194600000)]
  0x0000025cb3a1f800 JavaThread "C2 CompilerThread0" daemon [_thread_blocked, id=13256, stack(0x000000e194600000,0x000000e194700000)]
  0x0000025cb3a22800 JavaThread "C1 CompilerThread0" daemon [_thread_blocked, id=45356, stack(0x000000e194700000,0x000000e194800000)]
  0x0000025cb3a25800 JavaThread "Sweeper thread" daemon [_thread_blocked, id=24732, stack(0x000000e194800000,0x000000e194900000)]
  0x0000025cb3ba3800 JavaThread "Common-Cleaner" daemon [_thread_blocked, id=11960, stack(0x000000e194900000,0x000000e194a00000)]
  0x0000025cb3f21800 JavaThread "Service Thread" daemon [_thread_blocked, id=20524, stack(0x000000e194c00000,0x000000e194d00000)]
  0x0000025cb529f000 JavaThread "Active Thread: Equinox Container: 857f0e4a-41e5-4857-a1db-48bdc90f47cd" [_thread_blocked, id=19240, stack(0x000000e195100000,0x000000e195200000)]
  0x0000025cb5156000 JavaThread "Framework Event Dispatcher: Equinox Container: 857f0e4a-41e5-4857-a1db-48bdc90f47cd" daemon [_thread_blocked, id=42308, stack(0x000000e194a00000,0x000000e194b00000)]
  0x0000025cb5582000 JavaThread "Start Level: Equinox Container: 857f0e4a-41e5-4857-a1db-48bdc90f47cd" daemon [_thread_blocked, id=5920, stack(0x000000e194b00000,0x000000e194c00000)]
  0x0000025cb3cb6000 JavaThread "Refresh Thread: Equinox Container: 857f0e4a-41e5-4857-a1db-48bdc90f47cd" daemon [_thread_blocked, id=36740, stack(0x000000e195800000,0x000000e195900000)]
  0x0000025cb44fa000 JavaThread "Worker-JM" [_thread_blocked, id=30632, stack(0x000000e196800000,0x000000e196900000)]
  0x0000025cb44f6800 JavaThread "Worker-0: Update Installed JREs" [_thread_in_vm, id=33308, stack(0x000000e196900000,0x000000e196a00000)]
  0x0000025cb44f4000 JavaThread "Worker-1: Loading available Gradle versions" [_thread_in_native, id=41520, stack(0x000000e196a00000,0x000000e196b00000)]
  0x0000025cb4500800 JavaThread "Java indexing" daemon [_thread_blocked, id=31640, stack(0x000000e197100000,0x000000e197200000)]
  0x0000025cb44ff800 JavaThread "Worker-2: Initialize Workspace" [_thread_blocked, id=32016, stack(0x000000e197200000,0x000000e197300000)]
  0x0000025cb44fb800 JavaThread "Bundle File Closer" daemon [_thread_blocked, id=10436, stack(0x000000e195600000,0x000000e195700000)]
  0x0000025cb4ebc000 JavaThread "C2 CompilerThread1" daemon [_thread_blocked, id=42608, stack(0x000000e195700000,0x000000e195800000)]
  0x0000025cb4ec1800 JavaThread "C2 CompilerThread2" daemon [_thread_in_native, id=25188, stack(0x000000e197300000,0x000000e197400000)]
  0x0000025cb4fb6000 JavaThread "C2 CompilerThread3" daemon [_thread_blocked, id=12144, stack(0x000000e194f00000,0x000000e195000000)]
  0x0000025cb44f3800 JavaThread "pool-1-thread-1" [_thread_blocked, id=42188, stack(0x000000e195000000,0x000000e195100000)]
  0x0000025cb44f5000 JavaThread "Worker-3" [_thread_blocked, id=13504, stack(0x000000e195b00000,0x000000e195c00000)]
  0x0000025cb6fa0800 JavaThread "C1 CompilerThread1" daemon [_thread_in_vm, id=21680, stack(0x000000e195c00000,0x000000e195d00000)]
  0x0000025cb44fa800 JavaThread "Resolver thread - Equinox Container: 857f0e4a-41e5-4857-a1db-48bdc90f47cd" daemon [_thread_blocked, id=28964, stack(0x000000e195d00000,0x000000e195e00000)]
  0x0000025cb44f5800 JavaThread "Resolver thread - Equinox Container: 857f0e4a-41e5-4857-a1db-48bdc90f47cd" daemon [_thread_in_vm, id=23488, stack(0x000000e195e00000,0x000000e195f00000)]
  0x0000025cb44fc000 JavaThread "Resolver thread - Equinox Container: 857f0e4a-41e5-4857-a1db-48bdc90f47cd" daemon [_thread_in_vm, id=33340, stack(0x000000e195f00000,0x000000e196000000)]
=>0x0000025cb44fd000 JavaThread "Resolver thread - Equinox Container: 857f0e4a-41e5-4857-a1db-48bdc90f47cd" daemon [_thread_in_Java, id=42192, stack(0x000000e196000000,0x000000e196100000)]
  0x0000025cb44f7800 JavaThread "Resolver thread - Equinox Container: 857f0e4a-41e5-4857-a1db-48bdc90f47cd" daemon [_thread_in_vm, id=24924, stack(0x000000e196100000,0x000000e196200000)]
  0x0000025cb44fe000 JavaThread "Resolver thread - Equinox Container: 857f0e4a-41e5-4857-a1db-48bdc90f47cd" daemon [_thread_blocked, id=14392, stack(0x000000e196200000,0x000000e196300000)]
  0x0000025cb44f8000 JavaThread "Resolver thread - Equinox Container: 857f0e4a-41e5-4857-a1db-48bdc90f47cd" daemon [_thread_blocked, id=40116, stack(0x000000e196300000,0x000000e196400000)]
  0x0000025cb44fe800 JavaThread "Resolver thread - Equinox Container: 857f0e4a-41e5-4857-a1db-48bdc90f47cd" daemon [_thread_blocked, id=8924, stack(0x000000e196400000,0x000000e196500000)]
  0x0000025cb44f9000 JavaThread "Resolver thread - Equinox Container: 857f0e4a-41e5-4857-a1db-48bdc90f47cd" daemon [_thread_blocked, id=29908, stack(0x000000e196500000,0x000000e196600000)]
  0x0000025cb4501000 JavaThread "Resolver thread - Equinox Container: 857f0e4a-41e5-4857-a1db-48bdc90f47cd" daemon [_thread_blocked, id=45768, stack(0x000000e196600000,0x000000e196700000)]
  0x0000025cb4502000 JavaThread "Resolver thread - Equinox Container: 857f0e4a-41e5-4857-a1db-48bdc90f47cd" daemon [_thread_in_vm, id=45436, stack(0x000000e196700000,0x000000e196800000)]
  0x0000025cb81a9800 JavaThread "Resolver thread - Equinox Container: 857f0e4a-41e5-4857-a1db-48bdc90f47cd" daemon [_thread_in_vm, id=43156, stack(0x000000e197400000,0x000000e197500000)]
  0x0000025cb81a7000 JavaThread "Resolver thread - Equinox Container: 857f0e4a-41e5-4857-a1db-48bdc90f47cd" daemon [_thread_blocked, id=31720, stack(0x000000e197500000,0x000000e197600000)]
  0x0000025cb81a4800 JavaThread "Resolver thread - Equinox Container: 857f0e4a-41e5-4857-a1db-48bdc90f47cd" daemon [_thread_blocked, id=39436, stack(0x000000e197600000,0x000000e197700000)]
  0x0000025cb81a3800 JavaThread "Resolver thread - Equinox Container: 857f0e4a-41e5-4857-a1db-48bdc90f47cd" daemon [_thread_blocked, id=8080, stack(0x000000e197700000,0x000000e197800000)]

Other Threads:
  0x0000025cb39b8000 VMThread "VM Thread" [stack: 0x000000e194100000,0x000000e194200000] [id=41808] _threads_hazard_ptr=0x0000025cb30091c0
  0x0000025cb3f22800 WatcherThread [stack: 0x000000e194d00000,0x000000e194e00000] [id=42340]
  0x0000025c9600d800 GCTaskThread "GC Thread#0" [stack: 0x000000e193b00000,0x000000e193c00000] [id=11920]
  0x0000025cb42f5000 GCTaskThread "GC Thread#1" [stack: 0x000000e194e00000,0x000000e194f00000] [id=19464]
  0x0000025cb42f5800 GCTaskThread "GC Thread#2" [stack: 0x000000e195200000,0x000000e195300000] [id=45988]
  0x0000025cb42f6800 GCTaskThread "GC Thread#3" [stack: 0x000000e195300000,0x000000e195400000] [id=19088]
  0x0000025cb42f7000 GCTaskThread "GC Thread#4" [stack: 0x000000e195400000,0x000000e195500000] [id=45444]
  0x0000025cb42f7800 GCTaskThread "GC Thread#5" [stack: 0x000000e195500000,0x000000e195600000] [id=3988]
  0x0000025cb4485800 GCTaskThread "GC Thread#6" [stack: 0x000000e196b00000,0x000000e196c00000] [id=15676]
  0x0000025cb4d59800 GCTaskThread "GC Thread#7" [stack: 0x000000e196c00000,0x000000e196d00000] [id=19436]
  0x0000025cb439f000 GCTaskThread "GC Thread#8" [stack: 0x000000e196d00000,0x000000e196e00000] [id=35560]
  0x0000025cb69eb800 GCTaskThread "GC Thread#9" [stack: 0x000000e196e00000,0x000000e196f00000] [id=22600]
  0x0000025cb455b000 GCTaskThread "GC Thread#10" [stack: 0x000000e195900000,0x000000e195a00000] [id=38500]
  0x0000025cb463a000 GCTaskThread "GC Thread#11" [stack: 0x000000e195a00000,0x000000e195b00000] [id=13244]
  0x0000025c9602c800 ConcurrentGCThread "G1 Main Marker" [stack: 0x000000e193c00000,0x000000e193d00000] [id=45656]
  0x0000025c9602e800 ConcurrentGCThread "G1 Conc#0" [stack: 0x000000e193d00000,0x000000e193e00000] [id=35304]
  0x0000025cb593d800 ConcurrentGCThread "G1 Conc#1" [stack: 0x000000e196f00000,0x000000e197000000] [id=22280]
  0x0000025cb593e800 ConcurrentGCThread "G1 Conc#2" [stack: 0x000000e197000000,0x000000e197100000] [id=46012]
  0x0000025c960ce000 ConcurrentGCThread "G1 Refine#0" [stack: 0x000000e193e00000,0x000000e193f00000] [id=18452]
  0x0000025cb2ff4800 ConcurrentGCThread "G1 Young RemSet Sampling" [stack: 0x000000e193f00000,0x000000e194000000] [id=36352]
  0x0000025cb3009800 ConcurrentGCThread "StrDedup" [stack: 0x000000e194000000,0x000000e194100000] [id=11612]

Threads with active compile tasks:
C2 CompilerThread04618       4       java.util.Properties::load0 (250 bytes)
C1 CompilerThread04684       3       java.util.concurrent.locks.ReentrantReadWriteLock$Sync::tryAcquireShared (177 bytes)
C2 CompilerThread14400   !   4       org.eclipse.osgi.internal.loader.classpath.ClasspathManager::defineClass (636 bytes)
C2 CompilerThread24394       4       org.eclipse.osgi.internal.loader.BundleLoader::addExportedProvidersFor (167 bytes)
C2 CompilerThread34682       4       java.util.ArrayList::indexOfRange (71 bytes)
C1 CompilerThread14683       3       java.util.concurrent.locks.ReentrantReadWriteLock$Sync::tryReleaseShared (146 bytes)

VM state:synchronizing (normal execution)

VM Mutex/Monitor currently owned by a thread:  ([mutex/lock_event])
[0x0000025c95ff16c0] Safepoint_lock - owner thread: 0x0000025cb39b8000
[0x0000025c95ff1870] Threads_lock - owner thread: 0x0000025cb39b8000

Heap address: 0x00000000c0000000, size: 1024 MB, Compressed Oops mode: 32-bit
Narrow klass base: 0x0000000000000000, Narrow klass shift: 3
Compressed class space size: 1073741824 Address: 0x0000000100000000

Heap:
 garbage-first heap   total 262144K, used 46376K [0x00000000c0000000, 0x0000000100000000)
  region size 1024K, 40 young (40960K), 9 survivors (9216K)
 Metaspace       used 41158K, capacity 43256K, committed 43292K, reserved 1087488K
  class space    used 4203K, capacity 4960K, committed 4972K, reserved 1048576K
Heap Regions: E=young(eden), S=young(survivor), O=old, HS=humongous(starts), HC=humongous(continues), CS=collection set, F=free, A=archive, TAMS=top-at-mark-start (previous, next)
|   0|0x00000000c0000000, 0x00000000c0100000, 0x00000000c0100000|100%| O|  |TAMS 0x00000000c0100000, 0x00000000c0000000| Untracked 
|   1|0x00000000c0100000, 0x00000000c0200000, 0x00000000c0200000|100%| O|  |TAMS 0x00000000c0200000, 0x00000000c0100000| Untracked 
|   2|0x00000000c0200000, 0x00000000c0300000, 0x00000000c0300000|100%| O|  |TAMS 0x00000000c0300000, 0x00000000c0200000| Untracked 
|   3|0x00000000c0300000, 0x00000000c0400000, 0x00000000c0400000|100%| O|  |TAMS 0x00000000c0400000, 0x00000000c0300000| Untracked 
|   4|0x00000000c0400000, 0x00000000c0500000, 0x00000000c0500000|100%| O|  |TAMS 0x00000000c0500000, 0x00000000c0400000| Untracked 
|   5|0x00000000c0500000, 0x00000000c0600000, 0x00000000c0600000|100%| O|  |TAMS 0x00000000c0600000, 0x00000000c0500000| Untracked 
|   6|0x00000000c0600000, 0x00000000c0700000, 0x00000000c0700000|100%| O|  |TAMS 0x00000000c0700000, 0x00000000c0600000| Untracked 
|   7|0x00000000c0700000, 0x00000000c0771600, 0x00000000c0800000| 44%| O|  |TAMS 0x00000000c0771600, 0x00000000c0700000| Untracked 
|   8|0x00000000c0800000, 0x00000000c0800000, 0x00000000c0900000|  0%| F|  |TAMS 0x00000000c0800000, 0x00000000c0800000| Untracked 
|   9|0x00000000c0900000, 0x00000000c0900000, 0x00000000c0a00000|  0%| F|  |TAMS 0x00000000c0900000, 0x00000000c0900000| Untracked 
|  10|0x00000000c0a00000, 0x00000000c0a00000, 0x00000000c0b00000|  0%| F|  |TAMS 0x00000000c0a00000, 0x00000000c0a00000| Untracked 
|  11|0x00000000c0b00000, 0x00000000c0b00000, 0x00000000c0c00000|  0%| F|  |TAMS 0x00000000c0b00000, 0x00000000c0b00000| Untracked 
|  12|0x00000000c0c00000, 0x00000000c0c00000, 0x00000000c0d00000|  0%| F|  |TAMS 0x00000000c0c00000, 0x00000000c0c00000| Untracked 
|  13|0x00000000c0d00000, 0x00000000c0d00000, 0x00000000c0e00000|  0%| F|  |TAMS 0x00000000c0d00000, 0x00000000c0d00000| Untracked 
|  14|0x00000000c0e00000, 0x00000000c0e00000, 0x00000000c0f00000|  0%| F|  |TAMS 0x00000000c0e00000, 0x00000000c0e00000| Untracked 
|  15|0x00000000c0f00000, 0x00000000c0f00000, 0x00000000c1000000|  0%| F|  |TAMS 0x00000000c0f00000, 0x00000000c0f00000| Untracked 
|  16|0x00000000c1000000, 0x00000000c1000000, 0x00000000c1100000|  0%| F|  |TAMS 0x00000000c1000000, 0x00000000c1000000| Untracked 
|  17|0x00000000c1100000, 0x00000000c1100000, 0x00000000c1200000|  0%| F|  |TAMS 0x00000000c1100000, 0x00000000c1100000| Untracked 
|  18|0x00000000c1200000, 0x00000000c1200000, 0x00000000c1300000|  0%| F|  |TAMS 0x00000000c1200000, 0x00000000c1200000| Untracked 
|  19|0x00000000c1300000, 0x00000000c1300000, 0x00000000c1400000|  0%| F|  |TAMS 0x00000000c1300000, 0x00000000c1300000| Untracked 
|  20|0x00000000c1400000, 0x00000000c1400000, 0x00000000c1500000|  0%| F|  |TAMS 0x00000000c1400000, 0x00000000c1400000| Untracked 
|  21|0x00000000c1500000, 0x00000000c1500000, 0x00000000c1600000|  0%| F|  |TAMS 0x00000000c1500000, 0x00000000c1500000| Untracked 
|  22|0x00000000c1600000, 0x00000000c1600000, 0x00000000c1700000|  0%| F|  |TAMS 0x00000000c1600000, 0x00000000c1600000| Untracked 
|  23|0x00000000c1700000, 0x00000000c1700000, 0x00000000c1800000|  0%| F|  |TAMS 0x00000000c1700000, 0x00000000c1700000| Untracked 
|  24|0x00000000c1800000, 0x00000000c1800000, 0x00000000c1900000|  0%| F|  |TAMS 0x00000000c1800000, 0x00000000c1800000| Untracked 
|  25|0x00000000c1900000, 0x00000000c1900000, 0x00000000c1a00000|  0%| F|  |TAMS 0x00000000c1900000, 0x00000000c1900000| Untracked 
|  26|0x00000000c1a00000, 0x00000000c1a00000, 0x00000000c1b00000|  0%| F|  |TAMS 0x00000000c1a00000, 0x00000000c1a00000| Untracked 
|  27|0x00000000c1b00000, 0x00000000c1b00000, 0x00000000c1c00000|  0%| F|  |TAMS 0x00000000c1b00000, 0x00000000c1b00000| Untracked 
|  28|0x00000000c1c00000, 0x00000000c1c00000, 0x00000000c1d00000|  0%| F|  |TAMS 0x00000000c1c00000, 0x00000000c1c00000| Untracked 
|  29|0x00000000c1d00000, 0x00000000c1d00000, 0x00000000c1e00000|  0%| F|  |TAMS 0x00000000c1d00000, 0x00000000c1d00000| Untracked 
|  30|0x00000000c1e00000, 0x00000000c1e00000, 0x00000000c1f00000|  0%| F|  |TAMS 0x00000000c1e00000, 0x00000000c1e00000| Untracked 
|  31|0x00000000c1f00000, 0x00000000c1f00000, 0x00000000c2000000|  0%| F|  |TAMS 0x00000000c1f00000, 0x00000000c1f00000| Untracked 
|  32|0x00000000c2000000, 0x00000000c2000000, 0x00000000c2100000|  0%| F|  |TAMS 0x00000000c2000000, 0x00000000c2000000| Untracked 
|  33|0x00000000c2100000, 0x00000000c2100000, 0x00000000c2200000|  0%| F|  |TAMS 0x00000000c2100000, 0x00000000c2100000| Untracked 
|  34|0x00000000c2200000, 0x00000000c2200000, 0x00000000c2300000|  0%| F|  |TAMS 0x00000000c2200000, 0x00000000c2200000| Untracked 
|  35|0x00000000c2300000, 0x00000000c2300000, 0x00000000c2400000|  0%| F|  |TAMS 0x00000000c2300000, 0x00000000c2300000| Untracked 
|  36|0x00000000c2400000, 0x00000000c2400000, 0x00000000c2500000|  0%| F|  |TAMS 0x00000000c2400000, 0x00000000c2400000| Untracked 
|  37|0x00000000c2500000, 0x00000000c2500000, 0x00000000c2600000|  0%| F|  |TAMS 0x00000000c2500000, 0x00000000c2500000| Untracked 
|  38|0x00000000c2600000, 0x00000000c2600000, 0x00000000c2700000|  0%| F|  |TAMS 0x00000000c2600000, 0x00000000c2600000| Untracked 
|  39|0x00000000c2700000, 0x00000000c2700000, 0x00000000c2800000|  0%| F|  |TAMS 0x00000000c2700000, 0x00000000c2700000| Untracked 
|  40|0x00000000c2800000, 0x00000000c2800000, 0x00000000c2900000|  0%| F|  |TAMS 0x00000000c2800000, 0x00000000c2800000| Untracked 
|  41|0x00000000c2900000, 0x00000000c2900000, 0x00000000c2a00000|  0%| F|  |TAMS 0x00000000c2900000, 0x00000000c2900000| Untracked 
|  42|0x00000000c2a00000, 0x00000000c2a00000, 0x00000000c2b00000|  0%| F|  |TAMS 0x00000000c2a00000, 0x00000000c2a00000| Untracked 
|  43|0x00000000c2b00000, 0x00000000c2b00000, 0x00000000c2c00000|  0%| F|  |TAMS 0x00000000c2b00000, 0x00000000c2b00000| Untracked 
|  44|0x00000000c2c00000, 0x00000000c2c00000, 0x00000000c2d00000|  0%| F|  |TAMS 0x00000000c2c00000, 0x00000000c2c00000| Untracked 
|  45|0x00000000c2d00000, 0x00000000c2d00000, 0x00000000c2e00000|  0%| F|  |TAMS 0x00000000c2d00000, 0x00000000c2d00000| Untracked 
|  46|0x00000000c2e00000, 0x00000000c2e00000, 0x00000000c2f00000|  0%| F|  |TAMS 0x00000000c2e00000, 0x00000000c2e00000| Untracked 
|  47|0x00000000c2f00000, 0x00000000c2f00000, 0x00000000c3000000|  0%| F|  |TAMS 0x00000000c2f00000, 0x00000000c2f00000| Untracked 
|  48|0x00000000c3000000, 0x00000000c3000000, 0x00000000c3100000|  0%| F|  |TAMS 0x00000000c3000000, 0x00000000c3000000| Untracked 
|  49|0x00000000c3100000, 0x00000000c3100000, 0x00000000c3200000|  0%| F|  |TAMS 0x00000000c3100000, 0x00000000c3100000| Untracked 
|  50|0x00000000c3200000, 0x00000000c3200000, 0x00000000c3300000|  0%| F|  |TAMS 0x00000000c3200000, 0x00000000c3200000| Untracked 
|  51|0x00000000c3300000, 0x00000000c3300000, 0x00000000c3400000|  0%| F|  |TAMS 0x00000000c3300000, 0x00000000c3300000| Untracked 
|  52|0x00000000c3400000, 0x00000000c3400000, 0x00000000c3500000|  0%| F|  |TAMS 0x00000000c3400000, 0x00000000c3400000| Untracked 
|  53|0x00000000c3500000, 0x00000000c3500000, 0x00000000c3600000|  0%| F|  |TAMS 0x00000000c3500000, 0x00000000c3500000| Untracked 
|  54|0x00000000c3600000, 0x00000000c3600000, 0x00000000c3700000|  0%| F|  |TAMS 0x00000000c3600000, 0x00000000c3600000| Untracked 
|  55|0x00000000c3700000, 0x00000000c3700000, 0x00000000c3800000|  0%| F|  |TAMS 0x00000000c3700000, 0x00000000c3700000| Untracked 
|  56|0x00000000c3800000, 0x00000000c3800000, 0x00000000c3900000|  0%| F|  |TAMS 0x00000000c3800000, 0x00000000c3800000| Untracked 
|  57|0x00000000c3900000, 0x00000000c3900000, 0x00000000c3a00000|  0%| F|  |TAMS 0x00000000c3900000, 0x00000000c3900000| Untracked 
|  58|0x00000000c3a00000, 0x00000000c3a00000, 0x00000000c3b00000|  0%| F|  |TAMS 0x00000000c3a00000, 0x00000000c3a00000| Untracked 
|  59|0x00000000c3b00000, 0x00000000c3b00000, 0x00000000c3c00000|  0%| F|  |TAMS 0x00000000c3b00000, 0x00000000c3b00000| Untracked 
|  60|0x00000000c3c00000, 0x00000000c3c00000, 0x00000000c3d00000|  0%| F|  |TAMS 0x00000000c3c00000, 0x00000000c3c00000| Untracked 
|  61|0x00000000c3d00000, 0x00000000c3d00000, 0x00000000c3e00000|  0%| F|  |TAMS 0x00000000c3d00000, 0x00000000c3d00000| Untracked 
|  62|0x00000000c3e00000, 0x00000000c3e00000, 0x00000000c3f00000|  0%| F|  |TAMS 0x00000000c3e00000, 0x00000000c3e00000| Untracked 
|  63|0x00000000c3f00000, 0x00000000c3f00000, 0x00000000c4000000|  0%| F|  |TAMS 0x00000000c3f00000, 0x00000000c3f00000| Untracked 
|  64|0x00000000c4000000, 0x00000000c4000000, 0x00000000c4100000|  0%| F|  |TAMS 0x00000000c4000000, 0x00000000c4000000| Untracked 
|  65|0x00000000c4100000, 0x00000000c4100000, 0x00000000c4200000|  0%| F|  |TAMS 0x00000000c4100000, 0x00000000c4100000| Untracked 
|  66|0x00000000c4200000, 0x00000000c4200000, 0x00000000c4300000|  0%| F|  |TAMS 0x00000000c4200000, 0x00000000c4200000| Untracked 
|  67|0x00000000c4300000, 0x00000000c4300000, 0x00000000c4400000|  0%| F|  |TAMS 0x00000000c4300000, 0x00000000c4300000| Untracked 
|  68|0x00000000c4400000, 0x00000000c4400000, 0x00000000c4500000|  0%| F|  |TAMS 0x00000000c4400000, 0x00000000c4400000| Untracked 
|  69|0x00000000c4500000, 0x00000000c4500000, 0x00000000c4600000|  0%| F|  |TAMS 0x00000000c4500000, 0x00000000c4500000| Untracked 
|  70|0x00000000c4600000, 0x00000000c4600000, 0x00000000c4700000|  0%| F|  |TAMS 0x00000000c4600000, 0x00000000c4600000| Untracked 
|  71|0x00000000c4700000, 0x00000000c4700000, 0x00000000c4800000|  0%| F|  |TAMS 0x00000000c4700000, 0x00000000c4700000| Untracked 
|  72|0x00000000c4800000, 0x00000000c4800000, 0x00000000c4900000|  0%| F|  |TAMS 0x00000000c4800000, 0x00000000c4800000| Untracked 
|  73|0x00000000c4900000, 0x00000000c4900000, 0x00000000c4a00000|  0%| F|  |TAMS 0x00000000c4900000, 0x00000000c4900000| Untracked 
|  74|0x00000000c4a00000, 0x00000000c4a00000, 0x00000000c4b00000|  0%| F|  |TAMS 0x00000000c4a00000, 0x00000000c4a00000| Untracked 
|  75|0x00000000c4b00000, 0x00000000c4b00000, 0x00000000c4c00000|  0%| F|  |TAMS 0x00000000c4b00000, 0x00000000c4b00000| Untracked 
|  76|0x00000000c4c00000, 0x00000000c4c00000, 0x00000000c4d00000|  0%| F|  |TAMS 0x00000000c4c00000, 0x00000000c4c00000| Untracked 
|  77|0x00000000c4d00000, 0x00000000c4d00000, 0x00000000c4e00000|  0%| F|  |TAMS 0x00000000c4d00000, 0x00000000c4d00000| Untracked 
|  78|0x00000000c4e00000, 0x00000000c4e00000, 0x00000000c4f00000|  0%| F|  |TAMS 0x00000000c4e00000, 0x00000000c4e00000| Untracked 
|  79|0x00000000c4f00000, 0x00000000c4f00000, 0x00000000c5000000|  0%| F|  |TAMS 0x00000000c4f00000, 0x00000000c4f00000| Untracked 
|  80|0x00000000c5000000, 0x00000000c5000000, 0x00000000c5100000|  0%| F|  |TAMS 0x00000000c5000000, 0x00000000c5000000| Untracked 
|  81|0x00000000c5100000, 0x00000000c5100000, 0x00000000c5200000|  0%| F|  |TAMS 0x00000000c5100000, 0x00000000c5100000| Untracked 
|  82|0x00000000c5200000, 0x00000000c5200000, 0x00000000c5300000|  0%| F|  |TAMS 0x00000000c5200000, 0x00000000c5200000| Untracked 
|  83|0x00000000c5300000, 0x00000000c5300000, 0x00000000c5400000|  0%| F|  |TAMS 0x00000000c5300000, 0x00000000c5300000| Untracked 
|  84|0x00000000c5400000, 0x00000000c5400000, 0x00000000c5500000|  0%| F|  |TAMS 0x00000000c5400000, 0x00000000c5400000| Untracked 
|  85|0x00000000c5500000, 0x00000000c5500000, 0x00000000c5600000|  0%| F|  |TAMS 0x00000000c5500000, 0x00000000c5500000| Untracked 
|  86|0x00000000c5600000, 0x00000000c5600000, 0x00000000c5700000|  0%| F|  |TAMS 0x00000000c5600000, 0x00000000c5600000| Untracked 
|  87|0x00000000c5700000, 0x00000000c5700000, 0x00000000c5800000|  0%| F|  |TAMS 0x00000000c5700000, 0x00000000c5700000| Untracked 
|  88|0x00000000c5800000, 0x00000000c5800000, 0x00000000c5900000|  0%| F|  |TAMS 0x00000000c5800000, 0x00000000c5800000| Untracked 
|  89|0x00000000c5900000, 0x00000000c5900000, 0x00000000c5a00000|  0%| F|  |TAMS 0x00000000c5900000, 0x00000000c5900000| Untracked 
|  90|0x00000000c5a00000, 0x00000000c5a00000, 0x00000000c5b00000|  0%| F|  |TAMS 0x00000000c5a00000, 0x00000000c5a00000| Untracked 
|  91|0x00000000c5b00000, 0x00000000c5b00000, 0x00000000c5c00000|  0%| F|  |TAMS 0x00000000c5b00000, 0x00000000c5b00000| Untracked 
|  92|0x00000000c5c00000, 0x00000000c5c00000, 0x00000000c5d00000|  0%| F|  |TAMS 0x00000000c5c00000, 0x00000000c5c00000| Untracked 
|  93|0x00000000c5d00000, 0x00000000c5d00000, 0x00000000c5e00000|  0%| F|  |TAMS 0x00000000c5d00000, 0x00000000c5d00000| Untracked 
|  94|0x00000000c5e00000, 0x00000000c5e00000, 0x00000000c5f00000|  0%| F|  |TAMS 0x00000000c5e00000, 0x00000000c5e00000| Untracked 
|  95|0x00000000c5f00000, 0x00000000c5f00000, 0x00000000c6000000|  0%| F|  |TAMS 0x00000000c5f00000, 0x00000000c5f00000| Untracked 
|  96|0x00000000c6000000, 0x00000000c6000000, 0x00000000c6100000|  0%| F|  |TAMS 0x00000000c6000000, 0x00000000c6000000| Untracked 
|  97|0x00000000c6100000, 0x00000000c6100000, 0x00000000c6200000|  0%| F|  |TAMS 0x00000000c6100000, 0x00000000c6100000| Untracked 
|  98|0x00000000c6200000, 0x00000000c6200000, 0x00000000c6300000|  0%| F|  |TAMS 0x00000000c6200000, 0x00000000c6200000| Untracked 
|  99|0x00000000c6300000, 0x00000000c6300000, 0x00000000c6400000|  0%| F|  |TAMS 0x00000000c6300000, 0x00000000c6300000| Untracked 
| 100|0x00000000c6400000, 0x00000000c6400000, 0x00000000c6500000|  0%| F|  |TAMS 0x00000000c6400000, 0x00000000c6400000| Untracked 
| 101|0x00000000c6500000, 0x00000000c6500000, 0x00000000c6600000|  0%| F|  |TAMS 0x00000000c6500000, 0x00000000c6500000| Untracked 
| 102|0x00000000c6600000, 0x00000000c6600000, 0x00000000c6700000|  0%| F|  |TAMS 0x00000000c6600000, 0x00000000c6600000| Untracked 
| 103|0x00000000c6700000, 0x00000000c6700000, 0x00000000c6800000|  0%| F|  |TAMS 0x00000000c6700000, 0x00000000c6700000| Untracked 
| 104|0x00000000c6800000, 0x00000000c6800000, 0x00000000c6900000|  0%| F|  |TAMS 0x00000000c6800000, 0x00000000c6800000| Untracked 
| 105|0x00000000c6900000, 0x00000000c6900000, 0x00000000c6a00000|  0%| F|  |TAMS 0x00000000c6900000, 0x00000000c6900000| Untracked 
| 106|0x00000000c6a00000, 0x00000000c6a00000, 0x00000000c6b00000|  0%| F|  |TAMS 0x00000000c6a00000, 0x00000000c6a00000| Untracked 
| 107|0x00000000c6b00000, 0x00000000c6b00000, 0x00000000c6c00000|  0%| F|  |TAMS 0x00000000c6b00000, 0x00000000c6b00000| Untracked 
| 108|0x00000000c6c00000, 0x00000000c6c00000, 0x00000000c6d00000|  0%| F|  |TAMS 0x00000000c6c00000, 0x00000000c6c00000| Untracked 
| 109|0x00000000c6d00000, 0x00000000c6d00000, 0x00000000c6e00000|  0%| F|  |TAMS 0x00000000c6d00000, 0x00000000c6d00000| Untracked 
| 110|0x00000000c6e00000, 0x00000000c6e00000, 0x00000000c6f00000|  0%| F|  |TAMS 0x00000000c6e00000, 0x00000000c6e00000| Untracked 
| 111|0x00000000c6f00000, 0x00000000c6f00000, 0x00000000c7000000|  0%| F|  |TAMS 0x00000000c6f00000, 0x00000000c6f00000| Untracked 
| 112|0x00000000c7000000, 0x00000000c7000000, 0x00000000c7100000|  0%| F|  |TAMS 0x00000000c7000000, 0x00000000c7000000| Untracked 
| 113|0x00000000c7100000, 0x00000000c7100000, 0x00000000c7200000|  0%| F|  |TAMS 0x00000000c7100000, 0x00000000c7100000| Untracked 
| 114|0x00000000c7200000, 0x00000000c7200000, 0x00000000c7300000|  0%| F|  |TAMS 0x00000000c7200000, 0x00000000c7200000| Untracked 
| 115|0x00000000c7300000, 0x00000000c7300000, 0x00000000c7400000|  0%| F|  |TAMS 0x00000000c7300000, 0x00000000c7300000| Untracked 
| 116|0x00000000c7400000, 0x00000000c7400000, 0x00000000c7500000|  0%| F|  |TAMS 0x00000000c7400000, 0x00000000c7400000| Untracked 
| 117|0x00000000c7500000, 0x00000000c7500000, 0x00000000c7600000|  0%| F|  |TAMS 0x00000000c7500000, 0x00000000c7500000| Untracked 
| 118|0x00000000c7600000, 0x00000000c7600000, 0x00000000c7700000|  0%| F|  |TAMS 0x00000000c7600000, 0x00000000c7600000| Untracked 
| 119|0x00000000c7700000, 0x00000000c7700000, 0x00000000c7800000|  0%| F|  |TAMS 0x00000000c7700000, 0x00000000c7700000| Untracked 
| 120|0x00000000c7800000, 0x00000000c7800000, 0x00000000c7900000|  0%| F|  |TAMS 0x00000000c7800000, 0x00000000c7800000| Untracked 
| 121|0x00000000c7900000, 0x00000000c7900000, 0x00000000c7a00000|  0%| F|  |TAMS 0x00000000c7900000, 0x00000000c7900000| Untracked 
| 122|0x00000000c7a00000, 0x00000000c7a00000, 0x00000000c7b00000|  0%| F|  |TAMS 0x00000000c7a00000, 0x00000000c7a00000| Untracked 
| 123|0x00000000c7b00000, 0x00000000c7b00000, 0x00000000c7c00000|  0%| F|  |TAMS 0x00000000c7b00000, 0x00000000c7b00000| Untracked 
| 124|0x00000000c7c00000, 0x00000000c7c00000, 0x00000000c7d00000|  0%| F|  |TAMS 0x00000000c7c00000, 0x00000000c7c00000| Untracked 
| 125|0x00000000c7d00000, 0x00000000c7d00000, 0x00000000c7e00000|  0%| F|  |TAMS 0x00000000c7d00000, 0x00000000c7d00000| Untracked 
| 126|0x00000000c7e00000, 0x00000000c7e00000, 0x00000000c7f00000|  0%| F|  |TAMS 0x00000000c7e00000, 0x00000000c7e00000| Untracked 
| 127|0x00000000c7f00000, 0x00000000c7f00000, 0x00000000c8000000|  0%| F|  |TAMS 0x00000000c7f00000, 0x00000000c7f00000| Untracked 
| 128|0x00000000c8000000, 0x00000000c8000000, 0x00000000c8100000|  0%| F|  |TAMS 0x00000000c8000000, 0x00000000c8000000| Untracked 
| 129|0x00000000c8100000, 0x00000000c8100000, 0x00000000c8200000|  0%| F|  |TAMS 0x00000000c8100000, 0x00000000c8100000| Untracked 
| 130|0x00000000c8200000, 0x00000000c8200000, 0x00000000c8300000|  0%| F|  |TAMS 0x00000000c8200000, 0x00000000c8200000| Untracked 
| 131|0x00000000c8300000, 0x00000000c8300000, 0x00000000c8400000|  0%| F|  |TAMS 0x00000000c8300000, 0x00000000c8300000| Untracked 
| 132|0x00000000c8400000, 0x00000000c8400000, 0x00000000c8500000|  0%| F|  |TAMS 0x00000000c8400000, 0x00000000c8400000| Untracked 
| 133|0x00000000c8500000, 0x00000000c8500000, 0x00000000c8600000|  0%| F|  |TAMS 0x00000000c8500000, 0x00000000c8500000| Untracked 
| 134|0x00000000c8600000, 0x00000000c8600000, 0x00000000c8700000|  0%| F|  |TAMS 0x00000000c8600000, 0x00000000c8600000| Untracked 
| 135|0x00000000c8700000, 0x00000000c8700000, 0x00000000c8800000|  0%| F|  |TAMS 0x00000000c8700000, 0x00000000c8700000| Untracked 
| 136|0x00000000c8800000, 0x00000000c8800000, 0x00000000c8900000|  0%| F|  |TAMS 0x00000000c8800000, 0x00000000c8800000| Untracked 
| 137|0x00000000c8900000, 0x00000000c8900000, 0x00000000c8a00000|  0%| F|  |TAMS 0x00000000c8900000, 0x00000000c8900000| Untracked 
| 138|0x00000000c8a00000, 0x00000000c8a00000, 0x00000000c8b00000|  0%| F|  |TAMS 0x00000000c8a00000, 0x00000000c8a00000| Untracked 
| 139|0x00000000c8b00000, 0x00000000c8b00000, 0x00000000c8c00000|  0%| F|  |TAMS 0x00000000c8b00000, 0x00000000c8b00000| Untracked 
| 140|0x00000000c8c00000, 0x00000000c8c00000, 0x00000000c8d00000|  0%| F|  |TAMS 0x00000000c8c00000, 0x00000000c8c00000| Untracked 
| 141|0x00000000c8d00000, 0x00000000c8d00000, 0x00000000c8e00000|  0%| F|  |TAMS 0x00000000c8d00000, 0x00000000c8d00000| Untracked 
| 142|0x00000000c8e00000, 0x00000000c8e00000, 0x00000000c8f00000|  0%| F|  |TAMS 0x00000000c8e00000, 0x00000000c8e00000| Untracked 
| 143|0x00000000c8f00000, 0x00000000c8f00000, 0x00000000c9000000|  0%| F|  |TAMS 0x00000000c8f00000, 0x00000000c8f00000| Untracked 
| 144|0x00000000c9000000, 0x00000000c9000000, 0x00000000c9100000|  0%| F|  |TAMS 0x00000000c9000000, 0x00000000c9000000| Untracked 
| 145|0x00000000c9100000, 0x00000000c9100000, 0x00000000c9200000|  0%| F|  |TAMS 0x00000000c9100000, 0x00000000c9100000| Untracked 
| 146|0x00000000c9200000, 0x00000000c9200000, 0x00000000c9300000|  0%| F|  |TAMS 0x00000000c9200000, 0x00000000c9200000| Untracked 
| 147|0x00000000c9300000, 0x00000000c9300000, 0x00000000c9400000|  0%| F|  |TAMS 0x00000000c9300000, 0x00000000c9300000| Untracked 
| 148|0x00000000c9400000, 0x00000000c9400000, 0x00000000c9500000|  0%| F|  |TAMS 0x00000000c9400000, 0x00000000c9400000| Untracked 
| 149|0x00000000c9500000, 0x00000000c9500000, 0x00000000c9600000|  0%| F|  |TAMS 0x00000000c9500000, 0x00000000c9500000| Untracked 
| 150|0x00000000c9600000, 0x00000000c9600000, 0x00000000c9700000|  0%| F|  |TAMS 0x00000000c9600000, 0x00000000c9600000| Untracked 
| 151|0x00000000c9700000, 0x00000000c9700000, 0x00000000c9800000|  0%| F|  |TAMS 0x00000000c9700000, 0x00000000c9700000| Untracked 
| 152|0x00000000c9800000, 0x00000000c9800000, 0x00000000c9900000|  0%| F|  |TAMS 0x00000000c9800000, 0x00000000c9800000| Untracked 
| 153|0x00000000c9900000, 0x00000000c9900000, 0x00000000c9a00000|  0%| F|  |TAMS 0x00000000c9900000, 0x00000000c9900000| Untracked 
| 154|0x00000000c9a00000, 0x00000000c9a00000, 0x00000000c9b00000|  0%| F|  |TAMS 0x00000000c9a00000, 0x00000000c9a00000| Untracked 
| 155|0x00000000c9b00000, 0x00000000c9b00000, 0x00000000c9c00000|  0%| F|  |TAMS 0x00000000c9b00000, 0x00000000c9b00000| Untracked 
| 156|0x00000000c9c00000, 0x00000000c9c00000, 0x00000000c9d00000|  0%| F|  |TAMS 0x00000000c9c00000, 0x00000000c9c00000| Untracked 
| 157|0x00000000c9d00000, 0x00000000c9d00000, 0x00000000c9e00000|  0%| F|  |TAMS 0x00000000c9d00000, 0x00000000c9d00000| Untracked 
| 158|0x00000000c9e00000, 0x00000000c9e00000, 0x00000000c9f00000|  0%| F|  |TAMS 0x00000000c9e00000, 0x00000000c9e00000| Untracked 
| 159|0x00000000c9f00000, 0x00000000c9f00000, 0x00000000ca000000|  0%| F|  |TAMS 0x00000000c9f00000, 0x00000000c9f00000| Untracked 
| 160|0x00000000ca000000, 0x00000000ca000000, 0x00000000ca100000|  0%| F|  |TAMS 0x00000000ca000000, 0x00000000ca000000| Untracked 
| 161|0x00000000ca100000, 0x00000000ca100000, 0x00000000ca200000|  0%| F|  |TAMS 0x00000000ca100000, 0x00000000ca100000| Untracked 
| 162|0x00000000ca200000, 0x00000000ca200000, 0x00000000ca300000|  0%| F|  |TAMS 0x00000000ca200000, 0x00000000ca200000| Untracked 
| 163|0x00000000ca300000, 0x00000000ca300000, 0x00000000ca400000|  0%| F|  |TAMS 0x00000000ca300000, 0x00000000ca300000| Untracked 
| 164|0x00000000ca400000, 0x00000000ca400000, 0x00000000ca500000|  0%| F|  |TAMS 0x00000000ca400000, 0x00000000ca400000| Untracked 
| 165|0x00000000ca500000, 0x00000000ca500000, 0x00000000ca600000|  0%| F|  |TAMS 0x00000000ca500000, 0x00000000ca500000| Untracked 
| 166|0x00000000ca600000, 0x00000000ca600000, 0x00000000ca700000|  0%| F|  |TAMS 0x00000000ca600000, 0x00000000ca600000| Untracked 
| 167|0x00000000ca700000, 0x00000000ca700000, 0x00000000ca800000|  0%| F|  |TAMS 0x00000000ca700000, 0x00000000ca700000| Untracked 
| 168|0x00000000ca800000, 0x00000000ca800000, 0x00000000ca900000|  0%| F|  |TAMS 0x00000000ca800000, 0x00000000ca800000| Untracked 
| 169|0x00000000ca900000, 0x00000000ca900000, 0x00000000caa00000|  0%| F|  |TAMS 0x00000000ca900000, 0x00000000ca900000| Untracked 
| 170|0x00000000caa00000, 0x00000000caa00000, 0x00000000cab00000|  0%| F|  |TAMS 0x00000000caa00000, 0x00000000caa00000| Untracked 
| 171|0x00000000cab00000, 0x00000000cab00000, 0x00000000cac00000|  0%| F|  |TAMS 0x00000000cab00000, 0x00000000cab00000| Untracked 
| 172|0x00000000cac00000, 0x00000000cac00000, 0x00000000cad00000|  0%| F|  |TAMS 0x00000000cac00000, 0x00000000cac00000| Untracked 
| 173|0x00000000cad00000, 0x00000000cad00000, 0x00000000cae00000|  0%| F|  |TAMS 0x00000000cad00000, 0x00000000cad00000| Untracked 
| 174|0x00000000cae00000, 0x00000000cae00000, 0x00000000caf00000|  0%| F|  |TAMS 0x00000000cae00000, 0x00000000cae00000| Untracked 
| 175|0x00000000caf00000, 0x00000000caf00000, 0x00000000cb000000|  0%| F|  |TAMS 0x00000000caf00000, 0x00000000caf00000| Untracked 
| 176|0x00000000cb000000, 0x00000000cb000000, 0x00000000cb100000|  0%| F|  |TAMS 0x00000000cb000000, 0x00000000cb000000| Untracked 
| 177|0x00000000cb100000, 0x00000000cb100000, 0x00000000cb200000|  0%| F|  |TAMS 0x00000000cb100000, 0x00000000cb100000| Untracked 
| 178|0x00000000cb200000, 0x00000000cb200000, 0x00000000cb300000|  0%| F|  |TAMS 0x00000000cb200000, 0x00000000cb200000| Untracked 
| 179|0x00000000cb300000, 0x00000000cb300000, 0x00000000cb400000|  0%| F|  |TAMS 0x00000000cb300000, 0x00000000cb300000| Untracked 
| 180|0x00000000cb400000, 0x00000000cb400000, 0x00000000cb500000|  0%| F|  |TAMS 0x00000000cb400000, 0x00000000cb400000| Untracked 
| 181|0x00000000cb500000, 0x00000000cb500000, 0x00000000cb600000|  0%| F|  |TAMS 0x00000000cb500000, 0x00000000cb500000| Untracked 
| 182|0x00000000cb600000, 0x00000000cb600000, 0x00000000cb700000|  0%| F|  |TAMS 0x00000000cb600000, 0x00000000cb600000| Untracked 
| 183|0x00000000cb700000, 0x00000000cb700000, 0x00000000cb800000|  0%| F|  |TAMS 0x00000000cb700000, 0x00000000cb700000| Untracked 
| 184|0x00000000cb800000, 0x00000000cb800000, 0x00000000cb900000|  0%| F|  |TAMS 0x00000000cb800000, 0x00000000cb800000| Untracked 
| 185|0x00000000cb900000, 0x00000000cb900000, 0x00000000cba00000|  0%| F|  |TAMS 0x00000000cb900000, 0x00000000cb900000| Untracked 
| 186|0x00000000cba00000, 0x00000000cba00000, 0x00000000cbb00000|  0%| F|  |TAMS 0x00000000cba00000, 0x00000000cba00000| Untracked 
| 187|0x00000000cbb00000, 0x00000000cbb00000, 0x00000000cbc00000|  0%| F|  |TAMS 0x00000000cbb00000, 0x00000000cbb00000| Untracked 
| 188|0x00000000cbc00000, 0x00000000cbc00000, 0x00000000cbd00000|  0%| F|  |TAMS 0x00000000cbc00000, 0x00000000cbc00000| Untracked 
| 189|0x00000000cbd00000, 0x00000000cbd00000, 0x00000000cbe00000|  0%| F|  |TAMS 0x00000000cbd00000, 0x00000000cbd00000| Untracked 
| 190|0x00000000cbe00000, 0x00000000cbe00000, 0x00000000cbf00000|  0%| F|  |TAMS 0x00000000cbe00000, 0x00000000cbe00000| Untracked 
| 191|0x00000000cbf00000, 0x00000000cbf00000, 0x00000000cc000000|  0%| F|  |TAMS 0x00000000cbf00000, 0x00000000cbf00000| Untracked 
| 192|0x00000000cc000000, 0x00000000cc000000, 0x00000000cc100000|  0%| F|  |TAMS 0x00000000cc000000, 0x00000000cc000000| Untracked 
| 193|0x00000000cc100000, 0x00000000cc100000, 0x00000000cc200000|  0%| F|  |TAMS 0x00000000cc100000, 0x00000000cc100000| Untracked 
| 194|0x00000000cc200000, 0x00000000cc200000, 0x00000000cc300000|  0%| F|  |TAMS 0x00000000cc200000, 0x00000000cc200000| Untracked 
| 195|0x00000000cc300000, 0x00000000cc300000, 0x00000000cc400000|  0%| F|  |TAMS 0x00000000cc300000, 0x00000000cc300000| Untracked 
| 196|0x00000000cc400000, 0x00000000cc400000, 0x00000000cc500000|  0%| F|  |TAMS 0x00000000cc400000, 0x00000000cc400000| Untracked 
| 197|0x00000000cc500000, 0x00000000cc500000, 0x00000000cc600000|  0%| F|  |TAMS 0x00000000cc500000, 0x00000000cc500000| Untracked 
| 198|0x00000000cc600000, 0x00000000cc600000, 0x00000000cc700000|  0%| F|  |TAMS 0x00000000cc600000, 0x00000000cc600000| Untracked 
| 199|0x00000000cc700000, 0x00000000cc700000, 0x00000000cc800000|  0%| F|  |TAMS 0x00000000cc700000, 0x00000000cc700000| Untracked 
| 200|0x00000000cc800000, 0x00000000cc800000, 0x00000000cc900000|  0%| F|  |TAMS 0x00000000cc800000, 0x00000000cc800000| Untracked 
| 201|0x00000000cc900000, 0x00000000cc900000, 0x00000000cca00000|  0%| F|  |TAMS 0x00000000cc900000, 0x00000000cc900000| Untracked 
| 202|0x00000000cca00000, 0x00000000cca00000, 0x00000000ccb00000|  0%| F|  |TAMS 0x00000000cca00000, 0x00000000cca00000| Untracked 
| 203|0x00000000ccb00000, 0x00000000ccb00000, 0x00000000ccc00000|  0%| F|  |TAMS 0x00000000ccb00000, 0x00000000ccb00000| Untracked 
| 204|0x00000000ccc00000, 0x00000000ccc00000, 0x00000000ccd00000|  0%| F|  |TAMS 0x00000000ccc00000, 0x00000000ccc00000| Untracked 
| 205|0x00000000ccd00000, 0x00000000ccd00000, 0x00000000cce00000|  0%| F|  |TAMS 0x00000000ccd00000, 0x00000000ccd00000| Untracked 
| 206|0x00000000cce00000, 0x00000000cce00000, 0x00000000ccf00000|  0%| F|  |TAMS 0x00000000cce00000, 0x00000000cce00000| Untracked 
| 207|0x00000000ccf00000, 0x00000000ccf00000, 0x00000000cd000000|  0%| F|  |TAMS 0x00000000ccf00000, 0x00000000ccf00000| Untracked 
| 208|0x00000000cd000000, 0x00000000cd000000, 0x00000000cd100000|  0%| F|  |TAMS 0x00000000cd000000, 0x00000000cd000000| Untracked 
| 209|0x00000000cd100000, 0x00000000cd100000, 0x00000000cd200000|  0%| F|  |TAMS 0x00000000cd100000, 0x00000000cd100000| Untracked 
| 210|0x00000000cd200000, 0x00000000cd2d8af0, 0x00000000cd300000| 84%| S|CS|TAMS 0x00000000cd200000, 0x00000000cd200000| Complete 
| 211|0x00000000cd300000, 0x00000000cd400000, 0x00000000cd400000|100%| S|CS|TAMS 0x00000000cd300000, 0x00000000cd300000| Complete 
| 212|0x00000000cd400000, 0x00000000cd500000, 0x00000000cd500000|100%| S|CS|TAMS 0x00000000cd400000, 0x00000000cd400000| Complete 
| 213|0x00000000cd500000, 0x00000000cd600000, 0x00000000cd600000|100%| S|CS|TAMS 0x00000000cd500000, 0x00000000cd500000| Complete 
| 214|0x00000000cd600000, 0x00000000cd700000, 0x00000000cd700000|100%| S|CS|TAMS 0x00000000cd600000, 0x00000000cd600000| Complete 
| 215|0x00000000cd700000, 0x00000000cd800000, 0x00000000cd800000|100%| S|CS|TAMS 0x00000000cd700000, 0x00000000cd700000| Complete 
| 216|0x00000000cd800000, 0x00000000cd900000, 0x00000000cd900000|100%| S|CS|TAMS 0x00000000cd800000, 0x00000000cd800000| Complete 
| 217|0x00000000cd900000, 0x00000000cda00000, 0x00000000cda00000|100%| S|CS|TAMS 0x00000000cd900000, 0x00000000cd900000| Complete 
| 218|0x00000000cda00000, 0x00000000cdb00000, 0x00000000cdb00000|100%| S|CS|TAMS 0x00000000cda00000, 0x00000000cda00000| Complete 
| 219|0x00000000cdb00000, 0x00000000cdb00000, 0x00000000cdc00000|  0%| F|  |TAMS 0x00000000cdb00000, 0x00000000cdb00000| Untracked 
| 220|0x00000000cdc00000, 0x00000000cdc00000, 0x00000000cdd00000|  0%| F|  |TAMS 0x00000000cdc00000, 0x00000000cdc00000| Untracked 
| 221|0x00000000cdd00000, 0x00000000cdd00000, 0x00000000cde00000|  0%| F|  |TAMS 0x00000000cdd00000, 0x00000000cdd00000| Untracked 
| 222|0x00000000cde00000, 0x00000000cde00000, 0x00000000cdf00000|  0%| F|  |TAMS 0x00000000cde00000, 0x00000000cde00000| Untracked 
| 223|0x00000000cdf00000, 0x00000000cdf00000, 0x00000000ce000000|  0%| F|  |TAMS 0x00000000cdf00000, 0x00000000cdf00000| Untracked 
| 224|0x00000000ce000000, 0x00000000ce000000, 0x00000000ce100000|  0%| F|  |TAMS 0x00000000ce000000, 0x00000000ce000000| Untracked 
| 225|0x00000000ce100000, 0x00000000ce124340, 0x00000000ce200000| 14%| E|  |TAMS 0x00000000ce100000, 0x00000000ce100000| Complete 
| 226|0x00000000ce200000, 0x00000000ce300000, 0x00000000ce300000|100%| E|  |TAMS 0x00000000ce200000, 0x00000000ce200000| Complete 
| 227|0x00000000ce300000, 0x00000000ce400000, 0x00000000ce400000|100%| E|CS|TAMS 0x00000000ce300000, 0x00000000ce300000| Complete 
| 228|0x00000000ce400000, 0x00000000ce500000, 0x00000000ce500000|100%| E|CS|TAMS 0x00000000ce400000, 0x00000000ce400000| Complete 
| 229|0x00000000ce500000, 0x00000000ce600000, 0x00000000ce600000|100%| E|CS|TAMS 0x00000000ce500000, 0x00000000ce500000| Complete 
| 230|0x00000000ce600000, 0x00000000ce700000, 0x00000000ce700000|100%| E|CS|TAMS 0x00000000ce600000, 0x00000000ce600000| Complete 
| 231|0x00000000ce700000, 0x00000000ce800000, 0x00000000ce800000|100%| E|CS|TAMS 0x00000000ce700000, 0x00000000ce700000| Complete 
| 232|0x00000000ce800000, 0x00000000ce900000, 0x00000000ce900000|100%| E|CS|TAMS 0x00000000ce800000, 0x00000000ce800000| Complete 
| 233|0x00000000ce900000, 0x00000000cea00000, 0x00000000cea00000|100%| E|CS|TAMS 0x00000000ce900000, 0x00000000ce900000| Complete 
| 234|0x00000000cea00000, 0x00000000ceb00000, 0x00000000ceb00000|100%| E|CS|TAMS 0x00000000cea00000, 0x00000000cea00000| Complete 
| 235|0x00000000ceb00000, 0x00000000cec00000, 0x00000000cec00000|100%| E|CS|TAMS 0x00000000ceb00000, 0x00000000ceb00000| Complete 
| 236|0x00000000cec00000, 0x00000000ced00000, 0x00000000ced00000|100%| E|CS|TAMS 0x00000000cec00000, 0x00000000cec00000| Complete 
| 237|0x00000000ced00000, 0x00000000cee00000, 0x00000000cee00000|100%| E|CS|TAMS 0x00000000ced00000, 0x00000000ced00000| Complete 
| 238|0x00000000cee00000, 0x00000000cef00000, 0x00000000cef00000|100%| E|CS|TAMS 0x00000000cee00000, 0x00000000cee00000| Complete 
| 239|0x00000000cef00000, 0x00000000cf000000, 0x00000000cf000000|100%| E|CS|TAMS 0x00000000cef00000, 0x00000000cef00000| Complete 
| 240|0x00000000cf000000, 0x00000000cf100000, 0x00000000cf100000|100%| E|CS|TAMS 0x00000000cf000000, 0x00000000cf000000| Complete 
| 241|0x00000000cf100000, 0x00000000cf200000, 0x00000000cf200000|100%| E|CS|TAMS 0x00000000cf100000, 0x00000000cf100000| Complete 
| 242|0x00000000cf200000, 0x00000000cf300000, 0x00000000cf300000|100%| E|CS|TAMS 0x00000000cf200000, 0x00000000cf200000| Complete 
| 243|0x00000000cf300000, 0x00000000cf400000, 0x00000000cf400000|100%| E|CS|TAMS 0x00000000cf300000, 0x00000000cf300000| Complete 
| 244|0x00000000cf400000, 0x00000000cf500000, 0x00000000cf500000|100%| E|CS|TAMS 0x00000000cf400000, 0x00000000cf400000| Complete 
| 245|0x00000000cf500000, 0x00000000cf600000, 0x00000000cf600000|100%| E|CS|TAMS 0x00000000cf500000, 0x00000000cf500000| Complete 
| 246|0x00000000cf600000, 0x00000000cf700000, 0x00000000cf700000|100%| E|CS|TAMS 0x00000000cf600000, 0x00000000cf600000| Complete 
| 247|0x00000000cf700000, 0x00000000cf800000, 0x00000000cf800000|100%| E|CS|TAMS 0x00000000cf700000, 0x00000000cf700000| Complete 
| 248|0x00000000cf800000, 0x00000000cf900000, 0x00000000cf900000|100%| E|CS|TAMS 0x00000000cf800000, 0x00000000cf800000| Complete 
| 249|0x00000000cf900000, 0x00000000cfa00000, 0x00000000cfa00000|100%| E|CS|TAMS 0x00000000cf900000, 0x00000000cf900000| Complete 
| 250|0x00000000cfa00000, 0x00000000cfb00000, 0x00000000cfb00000|100%| E|CS|TAMS 0x00000000cfa00000, 0x00000000cfa00000| Complete 
| 251|0x00000000cfb00000, 0x00000000cfc00000, 0x00000000cfc00000|100%| E|CS|TAMS 0x00000000cfb00000, 0x00000000cfb00000| Complete 
| 252|0x00000000cfc00000, 0x00000000cfd00000, 0x00000000cfd00000|100%| E|CS|TAMS 0x00000000cfc00000, 0x00000000cfc00000| Complete 
| 253|0x00000000cfd00000, 0x00000000cfe00000, 0x00000000cfe00000|100%| E|CS|TAMS 0x00000000cfd00000, 0x00000000cfd00000| Complete 
| 254|0x00000000cfe00000, 0x00000000cff00000, 0x00000000cff00000|100%| E|CS|TAMS 0x00000000cfe00000, 0x00000000cfe00000| Complete 
| 255|0x00000000cff00000, 0x00000000d0000000, 0x00000000d0000000|100%| E|CS|TAMS 0x00000000cff00000, 0x00000000cff00000| Complete 

Card table byte_map: [0x0000025cadda0000,0x0000025cadfa0000] _byte_map_base: 0x0000025cad7a0000

Marking Bits (Prev, Next): (CMBitMap*) 0x0000025c96027ae8, (CMBitMap*) 0x0000025c96027b20
 Prev Bits: [0x0000025cae1a0000, 0x0000025caf1a0000)
 Next Bits: [0x0000025caf1a0000, 0x0000025cb01a0000)

Polling page: 0x0000025c93d50000

Metaspace:

Usage:
  Non-class:     37.40 MB capacity,    36.09 MB ( 96%) used,     1.24 MB (  3%) free+waste,    70.94 KB ( <1%) overhead. 
      Class:      4.84 MB capacity,     4.11 MB ( 85%) used,   723.08 KB ( 15%) free+waste,    33.38 KB ( <1%) overhead. 
       Both:     42.24 MB capacity,    40.19 MB ( 95%) used,     1.95 MB (  5%) free+waste,   104.31 KB ( <1%) overhead. 

Virtual space:
  Non-class space:       38.00 MB reserved,      37.42 MB ( 98%) committed 
      Class space:        1.00 GB reserved,       4.86 MB ( <1%) committed 
             Both:        1.04 GB reserved,      42.28 MB (  4%) committed 

Chunk freelists:
   Non-Class:  3.00 KB
       Class:  0 bytes
        Both:  3.00 KB

CodeHeap 'non-profiled nmethods': size=119168Kb used=1976Kb max_used=1976Kb free=117191Kb
 bounds [0x0000025ca5ec0000, 0x0000025ca6130000, 0x0000025cad320000]
CodeHeap 'profiled nmethods': size=119168Kb used=9866Kb max_used=9866Kb free=109301Kb
 bounds [0x0000025c9ea60000, 0x0000025c9f410000, 0x0000025ca5ec0000]
CodeHeap 'non-nmethods': size=7424Kb used=1782Kb max_used=2896Kb free=5641Kb
 bounds [0x0000025c9e320000, 0x0000025c9e680000, 0x0000025c9ea60000]
 total_blobs=6272 nmethods=4177 adapters=466
 compilation: enabled
              stopped_count=0, restarted_count=0
 full_count=0

Compilation events (10 events):
Event: 20.477 Thread 0x0000025cb6fa0800 nmethod 4638 0x0000025c9f3eb410 code [0x0000025c9f3eb660, 0x0000025c9f3ec230]
Event: 20.477 Thread 0x0000025cb6fa0800 4643       3       java.lang.String::replace (149 bytes)
Event: 20.478 Thread 0x0000025cb6fa0800 nmethod 4643 0x0000025c9f3ec510 code [0x0000025c9f3ec860, 0x0000025c9f3edb50]
Event: 20.478 Thread 0x0000025cb3a22800 nmethod 4641 0x0000025c9f3ee410 code [0x0000025c9f3ee880, 0x0000025c9f3f0650]
Event: 20.478 Thread 0x0000025cb6fa0800 4649       3       java.util.ArrayList$SubList::get (27 bytes)
Event: 20.478 Thread 0x0000025cb3a22800 4646       3       org.apache.felix.resolver.util.OpenHashMapSet::compute (9 bytes)
Event: 20.479 Thread 0x0000025cb3a22800 nmethod 4646 0x0000025c9f3f0f10 code [0x0000025c9f3f10e0, 0x0000025c9f3f14b8]
Event: 20.479 Thread 0x0000025cb3a22800 4647       3       org.apache.felix.resolver.util.OpenHashMapSet::compute (8 bytes)
Event: 20.479 Thread 0x0000025cb3a22800 nmethod 4647 0x0000025c9f3f1610 code [0x0000025c9f3f17e0, 0x0000025c9f3f1b58]
Event: 20.479 Thread 0x0000025cb3a22800 4653       3       org.eclipse.osgi.container.ModuleWire::getRequirement (5 bytes)

GC Heap History (8 events):
Event: 9.355 GC heap before
{Heap before GC invocations=0 (full 0):
 garbage-first heap   total 262144K, used 23552K [0x00000000c0000000, 0x0000000100000000)
  region size 1024K, 24 young (24576K), 0 survivors (0K)
 Metaspace       used 13258K, capacity 13561K, committed 13696K, reserved 1060864K
  class space    used 1224K, capacity 1305K, committed 1408K, reserved 1048576K
}
Event: 9.363 GC heap after
{Heap after GC invocations=1 (full 0):
 garbage-first heap   total 262144K, used 3152K [0x00000000c0000000, 0x0000000100000000)
  region size 1024K, 3 young (3072K), 3 survivors (3072K)
 Metaspace       used 13258K, capacity 13561K, committed 13696K, reserved 1060864K
  class space    used 1224K, capacity 1305K, committed 1408K, reserved 1048576K
}
Event: 10.909 GC heap before
{Heap before GC invocations=1 (full 0):
 garbage-first heap   total 262144K, used 52304K [0x00000000c0000000, 0x0000000100000000)
  region size 1024K, 52 young (53248K), 3 survivors (3072K)
 Metaspace       used 20352K, capacity 21188K, committed 21296K, reserved 1069056K
  class space    used 1847K, capacity 2118K, committed 2176K, reserved 1048576K
}
Event: 10.918 GC heap after
{Heap after GC invocations=2 (full 0):
 garbage-first heap   total 262144K, used 8490K [0x00000000c0000000, 0x0000000100000000)
  region size 1024K, 9 young (9216K), 9 survivors (9216K)
 Metaspace       used 20352K, capacity 21188K, committed 21296K, reserved 1069056K
  class space    used 1847K, capacity 2118K, committed 2176K, reserved 1048576K
}
Event: 19.444 GC heap before
{Heap before GC invocations=3 (full 0):
 garbage-first heap   total 262144K, used 69930K [0x00000000c0000000, 0x0000000100000000)
  region size 1024K, 69 young (70656K), 9 survivors (9216K)
 Metaspace       used 30239K, capacity 31451K, committed 31792K, reserved 1077248K
  class space    used 2973K, capacity 3346K, committed 3456K, reserved 1048576K
}
Event: 19.452 GC heap after
{Heap after GC invocations=4 (full 0):
 garbage-first heap   total 262144K, used 12183K [0x00000000c0000000, 0x0000000100000000)
  region size 1024K, 5 young (5120K), 5 survivors (5120K)
 Metaspace       used 30239K, capacity 31451K, committed 31792K, reserved 1077248K
  class space    used 2973K, capacity 3346K, committed 3456K, reserved 1048576K
}
Event: 19.877 GC heap before
{Heap before GC invocations=4 (full 0):
 garbage-first heap   total 262144K, used 49047K [0x00000000c0000000, 0x0000000100000000)
  region size 1024K, 42 young (43008K), 5 survivors (5120K)
 Metaspace       used 34285K, capacity 35799K, committed 35888K, reserved 1081344K
  class space    used 3434K, capacity 3938K, committed 3968K, reserved 1048576K
}
Event: 19.882 GC heap after
{Heap after GC invocations=5 (full 0):
 garbage-first heap   total 262144K, used 16680K [0x00000000c0000000, 0x0000000100000000)
  region size 1024K, 9 young (9216K), 9 survivors (9216K)
 Metaspace       used 34285K, capacity 35799K, committed 35888K, reserved 1081344K
  class space    used 3434K, capacity 3938K, committed 3968K, reserved 1048576K
}

Deoptimization events (10 events):
Event: 20.359 Thread 0x0000025cb44ff800 Uncommon trap: reason=bimorphic_or_optimized_type_check action=maybe_recompile pc=0x0000025ca603bfd8 method=java.io.DataOutputStream.writeShort(I)V @ 12 c2
Event: 20.359 Thread 0x0000025cb44ff800 Uncommon trap: reason=bimorphic_or_optimized_type_check action=maybe_recompile pc=0x0000025ca6082c00 method=java.io.DataOutputStream.writeByte(I)V @ 5 c2
Event: 20.406 Thread 0x0000025cb44ff800 Uncommon trap: reason=unstable_if action=reinterpret pc=0x0000025ca5fd20c8 method=java.util.ArrayList.toArray([Ljava/lang/Object;)[Ljava/lang/Object; @ 6 c2
Event: 20.420 Thread 0x0000025cb44f4000 Uncommon trap: reason=class_check action=maybe_recompile pc=0x0000025ca609b27c method=java.util.regex.Pattern$Start.match(Ljava/util/regex/Matcher;ILjava/lang/CharSequence;)Z @ 44 c2
Event: 20.473 Thread 0x0000025cb44f4000 Uncommon trap: reason=unstable_if action=reinterpret pc=0x0000025ca6091c4c method=java.lang.CharacterDataLatin1.digit(II)I @ 12 c2
Event: 20.475 Thread 0x0000025cb44f3800 Uncommon trap: reason=unstable_if action=reinterpret pc=0x0000025ca5fe9284 method=java.util.concurrent.locks.ReentrantLock$Sync.nonfairTryAcquire(I)Z @ 19 c2
Event: 20.476 Thread 0x0000025cb5582000 Uncommon trap: reason=unstable_if action=reinterpret pc=0x0000025ca6065e68 method=java.util.concurrent.locks.AbstractQueuedSynchronizer.apparentlyFirstQueuedIsExclusive()Z @ 6 c2
Event: 20.476 Thread 0x0000025cb5582000 Uncommon trap: reason=unstable_if action=reinterpret pc=0x0000025ca6066300 method=java.util.concurrent.locks.ReentrantReadWriteLock$Sync.tryReleaseShared(I)Z @ 9 c2
Event: 20.477 Thread 0x0000025cb44f3800 Uncommon trap: reason=profile_predicate action=maybe_recompile pc=0x0000025ca5f6d6d4 method=org.apache.felix.resolver.util.OpenHashMap.getOrCompute(Ljava/lang/Object;)Ljava/lang/Object; @ 108 c2
Event: 20.477 Thread 0x0000025cb5582000 Uncommon trap: reason=profile_predicate action=maybe_recompile pc=0x0000025ca5f6d6d4 method=org.apache.felix.resolver.util.OpenHashMap.getOrCompute(Ljava/lang/Object;)Ljava/lang/Object; @ 108 c2

Classes redefined (0 events):
No events

Internal exceptions (10 events):
Event: 20.369 Thread 0x0000025cb44ff800 Exception <a 'sun/nio/fs/WindowsException'{0x00000000cefe7648}> (0x00000000cefe7648) thrown at [t:/workspace/open/src/hotspot/share/prims/jni.cpp, line 615]
Event: 20.370 Thread 0x0000025cb44ff800 Exception <a 'sun/nio/fs/WindowsException'{0x00000000cefeaf78}> (0x00000000cefeaf78) thrown at [t:/workspace/open/src/hotspot/share/prims/jni.cpp, line 615]
Event: 20.371 Thread 0x0000025cb44ff800 Exception <a 'sun/nio/fs/WindowsException'{0x00000000cefee3f0}> (0x00000000cefee3f0) thrown at [t:/workspace/open/src/hotspot/share/prims/jni.cpp, line 615]
Event: 20.372 Thread 0x0000025cb44ff800 Exception <a 'sun/nio/fs/WindowsException'{0x00000000ceff5470}> (0x00000000ceff5470) thrown at [t:/workspace/open/src/hotspot/share/prims/jni.cpp, line 615]
Event: 20.373 Thread 0x0000025cb44ff800 Exception <a 'sun/nio/fs/WindowsException'{0x00000000ceff6648}> (0x00000000ceff6648) thrown at [t:/workspace/open/src/hotspot/share/prims/jni.cpp, line 615]
Event: 20.392 Thread 0x0000025cb44ff800 Exception <a 'sun/nio/fs/WindowsException'{0x00000000ced21a00}> (0x00000000ced21a00) thrown at [t:/workspace/open/src/hotspot/share/prims/jni.cpp, line 615]
Event: 20.413 Thread 0x0000025cb44ff800 Exception <a 'sun/nio/fs/WindowsException'{0x00000000cea3f5a8}> (0x00000000cea3f5a8) thrown at [t:/workspace/open/src/hotspot/share/prims/jni.cpp, line 615]
Event: 20.429 Thread 0x0000025cb44ff800 Exception <a 'sun/nio/fs/WindowsException'{0x00000000cea5f098}> (0x00000000cea5f098) thrown at [t:/workspace/open/src/hotspot/share/prims/jni.cpp, line 615]
Event: 20.431 Thread 0x0000025cb44ff800 Exception <a 'java/io/FileNotFoundException'{0x00000000cea6ac98}> (0x00000000cea6ac98) thrown at [t:/workspace/open/src/hotspot/share/prims/jni.cpp, line 615]
Event: 20.435 Thread 0x0000025cb44ff800 Exception <a 'sun/nio/fs/WindowsException'{0x00000000cea98bc8}> (0x00000000cea98bc8) thrown at [t:/workspace/open/src/hotspot/share/prims/jni.cpp, line 615]

Events (10 events):
Event: 20.478 Thread 0x0000025cb44fe000 Thread added: 0x0000025cb44fe000
Event: 20.478 Thread 0x0000025cb44f8000 Thread added: 0x0000025cb44f8000
Event: 20.478 Thread 0x0000025cb44fe800 Thread added: 0x0000025cb44fe800
Event: 20.478 Thread 0x0000025cb44f9000 Thread added: 0x0000025cb44f9000
Event: 20.478 Thread 0x0000025cb4501000 Thread added: 0x0000025cb4501000
Event: 20.478 Thread 0x0000025cb4502000 Thread added: 0x0000025cb4502000
Event: 20.478 Thread 0x0000025cb81a9800 Thread added: 0x0000025cb81a9800
Event: 20.478 Thread 0x0000025cb81a7000 Thread added: 0x0000025cb81a7000
Event: 20.478 Thread 0x0000025cb81a4800 Thread added: 0x0000025cb81a4800
Event: 20.479 Thread 0x0000025cb81a3800 Thread added: 0x0000025cb81a3800


Dynamic libraries:
0x00007ff77f790000 - 0x00007ff77f7d7000 	C:\Program Files\Java\jdk-11.0.1\bin\java.exe
0x00007fff07d20000 - 0x00007fff07f01000 	C:\WINDOWS\SYSTEM32\ntdll.dll
0x00007fff06530000 - 0x00007fff065e2000 	C:\WINDOWS\System32\KERNEL32.DLL
0x00007fff041e0000 - 0x00007fff04453000 	C:\WINDOWS\System32\KERNELBASE.dll
0x00007fff05a20000 - 0x00007fff05ac1000 	C:\WINDOWS\System32\ADVAPI32.dll
0x00007fff053a0000 - 0x00007fff0543e000 	C:\WINDOWS\System32\msvcrt.dll
0x00007fff062e0000 - 0x00007fff0633b000 	C:\WINDOWS\System32\sechost.dll
0x00007fff05bc0000 - 0x00007fff05ce4000 	C:\WINDOWS\System32\RPCRT4.dll
0x00007fff07b60000 - 0x00007fff07cf0000 	C:\WINDOWS\System32\USER32.dll
0x00007fff04f00000 - 0x00007fff04f20000 	C:\WINDOWS\System32\win32u.dll
0x00007fff051b0000 - 0x00007fff051d8000 	C:\WINDOWS\System32\GDI32.dll
0x00007fff04d60000 - 0x00007fff04ef2000 	C:\WINDOWS\System32\gdi32full.dll
0x00007fff04140000 - 0x00007fff041df000 	C:\WINDOWS\System32\msvcp_win.dll
0x00007fff04f80000 - 0x00007fff05078000 	C:\WINDOWS\System32\ucrtbase.dll
0x00007ffefe420000 - 0x00007ffefe42a000 	C:\WINDOWS\SYSTEM32\VERSION.dll
0x00007ffef6540000 - 0x00007ffef67a9000 	C:\WINDOWS\WinSxS\amd64_microsoft.windows.common-controls_6595b64144ccf1df_6.0.17134.648_none_fb45a0e93062a6d2\COMCTL32.dll
0x00007fff05450000 - 0x00007fff05772000 	C:\WINDOWS\System32\combase.dll
0x00007fff05080000 - 0x00007fff050fa000 	C:\WINDOWS\System32\bcryptPrimitives.dll
0x00007fff05890000 - 0x00007fff058bd000 	C:\WINDOWS\System32\IMM32.DLL
0x00007ffefb000000 - 0x00007ffefb016000 	C:\Program Files\Java\jdk-11.0.1\bin\vcruntime140.dll
0x00007ffee1110000 - 0x00007ffee11ba000 	C:\Program Files\Java\jdk-11.0.1\bin\msvcp140.dll
0x00007ffea0590000 - 0x00007ffea10d2000 	C:\Program Files\Java\jdk-11.0.1\bin\server\jvm.dll
0x00007fff064c0000 - 0x00007fff064c8000 	C:\WINDOWS\System32\PSAPI.DLL
0x00007ffefb3f0000 - 0x00007ffefb3f9000 	C:\WINDOWS\SYSTEM32\WSOCK32.dll
0x00007fff00ba0000 - 0x00007fff00bc3000 	C:\WINDOWS\SYSTEM32\WINMM.dll
0x00007fff05cf0000 - 0x00007fff05d5c000 	C:\WINDOWS\System32\WS2_32.dll
0x00007fff00b70000 - 0x00007fff00b9a000 	C:\WINDOWS\SYSTEM32\WINMMBASE.dll
0x00007fff040f0000 - 0x00007fff04139000 	C:\WINDOWS\System32\cfgmgr32.dll
0x00007fff04090000 - 0x00007fff040a1000 	C:\WINDOWS\System32\kernel.appcore.dll
0x00007ffef4ee0000 - 0x00007ffef4ef1000 	C:\Program Files\Java\jdk-11.0.1\bin\verify.dll
0x00007ffef00e0000 - 0x00007ffef02a9000 	C:\WINDOWS\SYSTEM32\DBGHELP.DLL
0x00007ffef00b0000 - 0x00007ffef00d9000 	C:\WINDOWS\SYSTEM32\dbgcore.DLL
0x00007ffef4d60000 - 0x00007ffef4d89000 	C:\Program Files\Java\jdk-11.0.1\bin\java.dll
0x00007ffef4690000 - 0x00007ffef46a6000 	C:\Program Files\Java\jdk-11.0.1\bin\zip.dll
0x00007fff00750000 - 0x00007fff0075a000 	C:\Program Files\Java\jdk-11.0.1\bin\jimage.dll
0x00007fff06720000 - 0x00007fff07b60000 	C:\WINDOWS\System32\SHELL32.dll
0x00007fff057e0000 - 0x00007fff05889000 	C:\WINDOWS\System32\shcore.dll
0x00007fff04650000 - 0x00007fff04d5d000 	C:\WINDOWS\System32\windows.storage.dll
0x00007fff064d0000 - 0x00007fff06521000 	C:\WINDOWS\System32\shlwapi.dll
0x00007fff040d0000 - 0x00007fff040ef000 	C:\WINDOWS\System32\profapi.dll
0x00007fff04030000 - 0x00007fff0407c000 	C:\WINDOWS\System32\powrprof.dll
0x00007fff04080000 - 0x00007fff0408a000 	C:\WINDOWS\System32\FLTLIB.DLL
0x00007ffef4670000 - 0x00007ffef4689000 	C:\Program Files\Java\jdk-11.0.1\bin\net.dll
0x00007ffeff4f0000 - 0x00007ffeff5cd000 	C:\WINDOWS\SYSTEM32\WINHTTP.dll
0x00007fff03860000 - 0x00007fff038c6000 	C:\WINDOWS\system32\mswsock.dll
0x00007ffef45e0000 - 0x00007ffef45f3000 	C:\Program Files\Java\jdk-11.0.1\bin\nio.dll
0x00007fff03a70000 - 0x00007fff03a87000 	C:\WINDOWS\SYSTEM32\CRYPTSP.dll
0x00007fff03450000 - 0x00007fff03483000 	C:\WINDOWS\system32\rsaenh.dll
0x00007fff03b40000 - 0x00007fff03b65000 	C:\WINDOWS\SYSTEM32\bcrypt.dll
0x00007fff03f30000 - 0x00007fff03f58000 	C:\WINDOWS\SYSTEM32\USERENV.dll
0x00007fff039c0000 - 0x00007fff039cb000 	C:\WINDOWS\SYSTEM32\CRYPTBASE.dll
0x00007fff035f0000 - 0x00007fff03628000 	C:\WINDOWS\SYSTEM32\IPHLPAPI.DLL
0x00007fff05440000 - 0x00007fff05448000 	C:\WINDOWS\System32\NSI.dll
0x00007ffefdfa0000 - 0x00007ffefdfb6000 	C:\WINDOWS\SYSTEM32\dhcpcsvc6.DLL
0x00007ffefdea0000 - 0x00007ffefdeba000 	C:\WINDOWS\SYSTEM32\dhcpcsvc.DLL
0x00007ffef43b0000 - 0x00007ffef43d9000 	C:\Users\Anon\.vscode\extensions\redhat.java-0.42.0\server\config_win\org.eclipse.equinox.launcher\org.eclipse.equinox.launcher.win32.win32.x86_64_1.1.1000.v20190125-2016\eclipse_1801.dll
0x00007ffef4410000 - 0x00007ffef4421000 	C:\Users\Anon\.vscode\extensions\redhat.java-0.42.0\server\config_win\org.eclipse.osgi\20\0\.cp\jWinHttp-1.0.0.dll
0x00007fff058c0000 - 0x00007fff05a11000 	C:\WINDOWS\System32\ole32.dll
0x00007ffefd650000 - 0x00007ffefd65d000 	C:\Program Files\Java\jdk-11.0.1\bin\sunmscapi.dll
0x00007fff04460000 - 0x00007fff04642000 	C:\WINDOWS\System32\CRYPT32.dll
0x00007fff040b0000 - 0x00007fff040c2000 	C:\WINDOWS\System32\MSASN1.dll
0x00007fff03af0000 - 0x00007fff03b16000 	C:\WINDOWS\SYSTEM32\ncrypt.dll
0x00007fff03a90000 - 0x00007fff03ac6000 	C:\WINDOWS\SYSTEM32\NTASN1.dll
0x00007ffef3a40000 - 0x00007ffef3a67000 	C:\Program Files\Java\jdk-11.0.1\bin\sunec.dll
0x00007ffee5c70000 - 0x00007ffee5c86000 	C:\WINDOWS\system32\napinsp.dll
0x00007ffee5130000 - 0x00007ffee514a000 	C:\WINDOWS\system32\pnrpnsp.dll
0x00007fff006a0000 - 0x00007fff006b9000 	C:\WINDOWS\system32\NLAapi.dll
0x00007fff03630000 - 0x00007fff036ee000 	C:\WINDOWS\SYSTEM32\DNSAPI.dll
0x00007ffee5cc0000 - 0x00007ffee5cce000 	C:\WINDOWS\System32\winrnr.dll
0x00007ffefdc30000 - 0x00007ffefdc45000 	C:\WINDOWS\System32\wshbth.dll
0x00007ffefcca0000 - 0x00007ffefccaa000 	C:\Windows\System32\rasadhlp.dll
0x00007ffef8810000 - 0x00007ffef8882000 	C:\WINDOWS\System32\fwpuclnt.dll

dbghelp: loaded successfully - version: 4.0.5 - missing functions: none
symbol engine: initialized successfully - sym options: 0x614 - pdb path: .;C:\Program Files\Java\jdk-11.0.1\bin;C:\WINDOWS\SYSTEM32;C:\WINDOWS\WinSxS\amd64_microsoft.windows.common-controls_6595b64144ccf1df_6.0.17134.648_none_fb45a0e93062a6d2;C:\Program Files\Java\jdk-11.0.1\bin\server;C:\Users\Anon\.vscode\extensions\redhat.java-0.42.0\server\config_win\org.eclipse.equinox.launcher\org.eclipse.equinox.launcher.win32.win32.x86_64_1.1.1000.v20190125-2016;C:\Users\Anon\.vscode\extensions\redhat.java-0.42.0\server\config_win\org.eclipse.osgi\20\0\.cp

VM Arguments:
jvm_args: --add-modules=ALL-SYSTEM --add-opens=java.base/java.util=ALL-UNNAMED --add-opens=java.base/java.lang=ALL-UNNAMED -Declipse.application=org.eclipse.jdt.ls.core.id1 -Dosgi.bundles.defaultStartLevel=4 -Declipse.product=org.eclipse.jdt.ls.core.product -Dfile.encoding=utf8 -DwatchParentProcess=false -Xverify:none -Xmx1G -XX:+UseG1GC -XX:+UseStringDeduplication 
java_command: C:\Users\Anon\.vscode\extensions\redhat.java-0.42.0\server\plugins\org.eclipse.equinox.launcher_1.5.300.v20190213-1655.jar -configuration C:\Users\Anon\.vscode\extensions\redhat.java-0.42.0\server\config_win -data c:\Users\Anon\AppData\Roaming\Code\User\workspaceStorage\e02f715ae69bdcbf1503fc73a17d7197\redhat.java\jdt_ws
java_class_path (initial): C:\Users\Anon\.vscode\extensions\redhat.java-0.42.0\server\plugins\org.eclipse.equinox.launcher_1.5.300.v20190213-1655.jar
Launcher Type: SUN_STANDARD

[Global flags]
     bool BytecodeVerificationLocal                = false                                     {product} {command line}
     bool BytecodeVerificationRemote               = false                                     {product} {command line}
     intx CICompilerCount                          = 12                                        {product} {ergonomic}
     uint ConcGCThreads                            = 3                                         {product} {ergonomic}
     uint G1ConcRefinementThreads                  = 13                                        {product} {ergonomic}
   size_t G1HeapRegionSize                         = 1048576                                   {product} {ergonomic}
    uintx GCDrainStackTargetSize                   = 64                                        {product} {ergonomic}
   size_t InitialHeapSize                          = 268435456                                 {product} {ergonomic}
   size_t MarkStackSize                            = 4194304                                   {product} {ergonomic}
   size_t MaxHeapSize                              = 1073741824                                {product} {command line}
   size_t MaxNewSize                               = 643825664                                 {product} {ergonomic}
   size_t MinHeapDeltaBytes                        = 1048576                                   {product} {ergonomic}
    uintx NonNMethodCodeHeapSize                   = 7591728                                {pd product} {ergonomic}
    uintx NonProfiledCodeHeapSize                  = 122033256                              {pd product} {ergonomic}
    uintx ProfiledCodeHeapSize                     = 122033256                              {pd product} {ergonomic}
    uintx ReservedCodeCacheSize                    = 251658240                              {pd product} {ergonomic}
     bool SegmentedCodeCache                       = true                                      {product} {ergonomic}
     bool UseCompressedClassPointers               = true                                 {lp64_product} {ergonomic}
     bool UseCompressedOops                        = true                                 {lp64_product} {ergonomic}
     bool UseG1GC                                  = true                                      {product} {command line}
     bool UseLargePagesIndividualAllocation        = false                                  {pd product} {ergonomic}
     bool UseStringDeduplication                   = true                                      {product} {command line}

Logging:
Log output configuration:
 #0: stdout all=warning uptime,level,tags
 #1: stderr all=off uptime,level,tags

Environment Variables:
JAVA_HOME=C:\Program Files\Java\jdk-11.0.1\
PATH=.;C:\Python27\;C:\Python27\Scripts;C:\ProgramData\Oracle\Java\javapath;C:\Program Files (x86)\Common Files\Oracle\Java\javapath;C:\Program Files (x86)\NVIDIA Corporation\PhysX\Common;C:\ffmpeg\bin;C:\windows\system32;C:\Program Files\dotnet\;C:\Users\Anon\.dnx\bin;C:\Program Files\Microsoft DNX\Dnvm\;C:\Program Files\Microsoft SQL Server\120\Tools\Binn\;C:\Users\Anon\AppData\Local\Microsoft\WindowsApps;C:\Program Files\Microsoft VS Code\bin;C:\Program Files (x86)\FreeArc\bin;C:\adb;C:\Program Files\Microsoft SQL Server\Client SDK\ODBC\130\Tools\Binn\;C:\Program Files (x86)\Microsoft SQL Server\140\Tools\Binn\;C:\Program Files\Microsoft SQL Server\140\Tools\Binn\;C:\Program Files\Microsoft SQL Server\140\DTS\Binn\;C:\WINDOWS\system32;C:\WINDOWS;C:\WINDOWS\System32\Wbem;C:\WINDOWS\System32\WindowsPowerShell\v1.0\;C:\WINDOWS\System32\OpenSSH\;C:\Program Files\PuTTY\;C:\Users\Anon\AppData\Local\Programs\Python\Python37-32;C:\Program Files\Java\jdk-11.0.1\bin;C:\Program Files\NVIDIA Corporation\NVIDIA NvDLISR;C:\Program Files\nodejs\;C:\Program Files\Git\cmd;C:\Users\Anon\AppData\Local\Programs\Python\Python37-32\Scripts\;C:\Users\Anon\AppData\Local\Programs\Python\Python37-32\;C:\Users\Anon\AppData\Local\Microsoft\WindowsApps;C:\Program Files\Microsoft VS Code\bin;C:\Program Files (x86)\FreeArc\bin;C:\Program Files (x86)\Nmap;C:\Users\Anon\AppData\Local\Programs\Fiddler;C:\Program Files\smartmontools\bin;C:\Users\Anon\AppData\Local\Microsoft\WindowsApps;C:\Users\Anon\AppData\Local\atom\bin;C:\Program Files\JetBrains\IntelliJ IDEA Community Edition 2018.3.4\bin;;C:\Users\Anon\AppData\Roaming\npm;C:\Program Files (x86)\EaseUS\Todo Backup\bin\x64\
USERNAME=Anon
OS=Windows_NT
PROCESSOR_IDENTIFIER=AMD64 Family 23 Model 1 Stepping 1, AuthenticAMD



---------------  S Y S T E M  ---------------

OS: Windows 10 , 64 bit Build 17134 (10.0.17134.648)

CPU:total 16 (initial active 16) (16 cores per cpu, 2 threads per core) family 23 model 1 stepping 1, cmov, cx8, fxsr, mmx, sse, sse2, sse3, ssse3, sse4.1, sse4.2, popcnt, avx, avx2, aes, clmul, mmxext, 3dnowpref, lzcnt, sse4a, ht, tsc, tscinvbit, tscinv, bmi1, bmi2, adx, sha, fma

Memory: 4k page, system-wide physical 16332M (4059M free)
TotalPageFile size 43354M (AvailPageFile size 14747M)
current process WorkingSet (physical memory assigned to process): 236M, peak: 236M
current process commit charge ("private bytes"): 463M, peak: 463M

vm_info: Java HotSpot(TM) 64-Bit Server VM (11.0.1+13-LTS) for windows-amd64 JRE (11.0.1+13-LTS), built on Oct  6 2018 13:20:16 by "mach5one" with MS VC++ 15.5 (VS2017)

END.
